<?xml version="1.0" encoding="UTF-8"?>
<testsuite name="taxipark.TestTask1FakeDrivers" tests="1" skipped="0" failures="0" errors="0" timestamp="2020-06-03T16:31:43" hostname="VARSHA-PC" time="0.127">
  <properties/>
  <testcase name="test4" classname="taxipark.TestTask1FakeDrivers" time="0.127"/>
  <system-out><![CDATA[]]></system-out>
  <system-err><![CDATA[]]></system-err>
</testsuite>
