<?xml version="1.0" encoding="UTF-8"?>
<testsuite name="mastermind.TestMastermindDifferentLetters" tests="15" skipped="0" failures="0" errors="0" timestamp="2020-05-26T19:46:15" hostname="VARSHA-PC" time="0.058">
  <properties/>
  <testcase name="test01SampleEqual" classname="mastermind.TestMastermindDifferentLetters" time="0.021"/>
  <testcase name="test02SampleOnlyWrongPositions" classname="mastermind.TestMastermindDifferentLetters" time="0.001"/>
  <testcase name="test03SampleSwap" classname="mastermind.TestMastermindDifferentLetters" time="0.022"/>
  <testcase name="test04RightPositions" classname="mastermind.TestMastermindDifferentLetters" time="0.0"/>
  <testcase name="test05WrongPositions" classname="mastermind.TestMastermindDifferentLetters" time="0.002"/>
  <testcase name="test06BothRightAndWrong" classname="mastermind.TestMastermindDifferentLetters" time="0.001"/>
  <testcase name="test07" classname="mastermind.TestMastermindDifferentLetters" time="0.001"/>
  <testcase name="test08" classname="mastermind.TestMastermindDifferentLetters" time="0.001"/>
  <testcase name="test09" classname="mastermind.TestMastermindDifferentLetters" time="0.0"/>
  <testcase name="test10" classname="mastermind.TestMastermindDifferentLetters" time="0.0"/>
  <testcase name="test11" classname="mastermind.TestMastermindDifferentLetters" time="0.001"/>
  <testcase name="test12" classname="mastermind.TestMastermindDifferentLetters" time="0.001"/>
  <testcase name="test13" classname="mastermind.TestMastermindDifferentLetters" time="0.001"/>
  <testcase name="test14" classname="mastermind.TestMastermindDifferentLetters" time="0.001"/>
  <testcase name="test15" classname="mastermind.TestMastermindDifferentLetters" time="0.0"/>
  <system-out><![CDATA[ABCD.. ABCD
4:ABCD
0:
ABCD.. ABCD
4:ABCD
0:
ABCD.. CDBA
*DBA  AB*D
**BA  AB**
***A  A***
****  ****
0:
4:CDBA
ABCD.. CDBA
*DBA  AB*D
**BA  AB**
***A  A***
****  ****
0:
4:CDBA
ABCD.. ABDC
*C  C*
**  **
2:AB
2:DC
ABCD.. ABDC
*C  C*
**  **
2:AB
2:DC
ABCD.. ABCF
3:ABC
0:
ABCD.. ABCF
3:ABC
0:
DAEF.. FECA
*ECA  DAE*
**CA  DA**
**C*  D***
0:
3:FEA
DAEF.. FECA
*ECA  DAE*
**CA  DA**
**C*  D***
0:
3:FEA
ACEB.. BCDF
*DF  AE*
1:C
1:B
ACEB.. BCDF
*DF  AE*
1:C
1:B
FBAE.. ABCD
*CD  F*E
1:B
1:A
FBAE.. ABCD
*CD  F*E
1:B
1:A
FBAE.. AFDC
*FDC  FB*E
**DC  *B*E
0:
2:AF
FBAE.. AFDC
*FDC  FB*E
**DC  *B*E
0:
2:AF
FBAE.. CBAE
3:BAE
0:
FBAE.. CBAE
3:BAE
0:
FBAE.. CBFE
C*  *A
2:BE
1:F
FBAE.. CBFE
C*  *A
2:BE
1:F
FBAE.. FBAE
4:FBAE
0:
FBAE.. FBAE
4:FBAE
0:
EBAC.. ABCD
*CD  E*C
**D  E**
1:B
2:AC
EBAC.. ABCD
*CD  E*C
**D  E**
1:B
2:AC
EBAC.. AFCB
*FCB  EB*C
*F*B  EB**
*F**  E***
0:
3:ACB
EBAC.. AFCB
*FCB  EB*C
*F*B  EB**
*F**  E***
0:
3:ACB
EBAC.. CBDF
*DF  EA*
1:B
1:C
EBAC.. CBDF
*DF  EA*
1:B
1:C
EBAC.. EBAC
4:EBAC
0:
EBAC.. EBAC
4:EBAC
0:
]]></system-out>
  <system-err><![CDATA[]]></system-err>
</testsuite>
