<?xml version="1.0" encoding="UTF-8"?>
<testsuite name="games.gameOfFifteen.TestGameOfFifteen" tests="2" skipped="0" failures="0" errors="0" timestamp="2020-06-04T08:37:22" hostname="VARSHA-PC" time="0.056">
  <properties/>
  <testcase name="testMoves" classname="games.gameOfFifteen.TestGameOfFifteen" time="0.051"/>
  <testcase name="testWinning" classname="games.gameOfFifteen.TestGameOfFifteen" time="0.004"/>
  <system-out><![CDATA[]]></system-out>
  <system-err><![CDATA[]]></system-err>
</testsuite>
