<?xml version="1.0" encoding="UTF-8"?>
<testsuite name="games.board.TestGameBoard" tests="11" skipped="0" failures="0" errors="0" timestamp="2020-06-04T08:37:22" hostname="VARSHA-PC" time="0.122">
  <properties/>
  <testcase name="test01GetAndSetElement" classname="games.board.TestGameBoard" time="0.059"/>
  <testcase name="test02Filter" classname="games.board.TestGameBoard" time="0.009"/>
  <testcase name="test03All" classname="games.board.TestGameBoard" time="0.002"/>
  <testcase name="test04Any" classname="games.board.TestGameBoard" time="0.004"/>
  <testcase name="test05TheSameCell" classname="games.board.TestGameBoard" time="0.003"/>
  <testcase name="test06FindReturnsTheSameCell" classname="games.board.TestGameBoard" time="0.002"/>
  <testcase name="test07FilterTheSameCell" classname="games.board.TestGameBoard" time="0.002"/>
  <testcase name="test08AllAny" classname="games.board.TestGameBoard" time="0.021"/>
  <testcase name="test09AllAny" classname="games.board.TestGameBoard" time="0.001"/>
  <testcase name="test10AllAny" classname="games.board.TestGameBoard" time="0.0"/>
  <testcase name="test11AllAny" classname="games.board.TestGameBoard" time="0.0"/>
  <system-out><![CDATA[]]></system-out>
  <system-err><![CDATA[]]></system-err>
</testsuite>
