<?xml version="1.0" encoding="UTF-8"?>
<testsuite name="games.game2048.TestMoveValues" tests="6" skipped="0" failures="0" errors="0" timestamp="2020-06-04T08:37:22" hostname="VARSHA-PC" time="0.014">
  <properties/>
  <testcase name="testSimpleMove" classname="games.game2048.TestMoveValues" time="0.004"/>
  <testcase name="testSeveralMoves" classname="games.game2048.TestMoveValues" time="0.002"/>
  <testcase name="testMerge" classname="games.game2048.TestMoveValues" time="0.002"/>
  <testcase name="testMovesInSomeRows" classname="games.game2048.TestMoveValues" time="0.002"/>
  <testcase name="testMoveAndMerge" classname="games.game2048.TestMoveValues" time="0.002"/>
  <testcase name="testNoMove" classname="games.game2048.TestMoveValues" time="0.002"/>
  <system-out><![CDATA[]]></system-out>
  <system-err><![CDATA[]]></system-err>
</testsuite>
