<?xml version="1.0" encoding="UTF-8"?>
<testsuite name="games.game2048.TestGame2048" tests="1" skipped="0" failures="0" errors="0" timestamp="2020-06-04T08:37:22" hostname="VARSHA-PC" time="0.07">
  <properties/>
  <testcase name="testMoves" classname="games.game2048.TestGame2048" time="0.07"/>
  <system-out><![CDATA[]]></system-out>
  <system-err><![CDATA[]]></system-err>
</testsuite>
